
  ___  ____  ____  ____  ____ ®
 /__    /   ____/   /   ____/      18.0
___/   /   /___/   /   /___/       MP—Parallel Edition

 Statistics and Data Science       Copyright 1985-2023 StataCorp LLC
                                   StataCorp
                                   4905 Lakeway Drive
                                   College Station, Texas 77845 USA
                                   800-STATA-PC        https://www.stata.com
                                   979-696-4600        stata@stata.com

Stata license: Single-user 2-core  perpetual
Serial number: 501806323834
  Licensed to: Miklos Koren
               CEU MicroData

Notes:
      1. Stata is running in batch mode.
      2. Unicode is supported; see help unicode_advice.
      3. More than 2 billion observations are allowed; see help obs_advice.
      4. Maximum number of variables is set to 5,000 but can be increased;
          see help set_maxvar.

. do code/zenodo.do 

. here
/Users/koren/Tresorit/Mac/places/restud/data-editor/report/

. local here = r(here)

. 
. clear 

. tempfile zenodo

. import delimited using "`here'zenodo/zenodo_data_2021.csv", clear
(encoding automatically selected: ISO-8859-1)
(6 vars, 80 obs)

. rename id zenodoid

. keep zenodoid unique_views unique_downloads

. rename unique_* *

. rename downloads downloads2021

. rename views views2021

. save `zenodo', replace
(file /var/folders/3b/07ltjm9n0rq1pwkn1_49vqn40000gn/T//St36478.000001 not
    found)
file /var/folders/3b/07ltjm9n0rq1pwkn1_49vqn40000gn/T//St36478.000001 saved
    as .dta format

. 
. tempfile zenodo22

. import delimited using "`here'zenodo/zenodo_data_2022.csv", clear
(encoding automatically selected: ISO-8859-1)
(7 vars, 133 obs)

. rename id zenodoid

. generate created_at = date(created,"YMD##")

. keep zenodoid unique_views unique_downloads created_at

. rename unique_* *

. rename downloads downloads2022

. rename views views2022

. merge 1:1 zenodoid using `zenodo', nogenerate

    Result                      Number of obs
    -----------------------------------------
    Not matched                            53
        from master                        53  
        from using                          0  

    Matched                                80  
    -----------------------------------------

. save `zenodo22', replace
(file /var/folders/3b/07ltjm9n0rq1pwkn1_49vqn40000gn/T//St36478.000002 not
    found)
file /var/folders/3b/07ltjm9n0rq1pwkn1_49vqn40000gn/T//St36478.000002 saved
    as .dta format

. 
. tempfile zenodo23

. import delimited using "`here'zenodo/zenodo_data.csv", clear
(encoding automatically selected: ISO-8859-1)
(8 vars, 5,597 obs)

. rename id zenodoid

. generate created_at = date(created,"YMD##")

. keep zenodoid unique_views unique_downloads created_at

. keep if created_at < 23260 // fy2023
(759 observations deleted)

. rename unique_* *

. rename downloads downloads2023

. rename views views2023

. duplicates drop zenodoid, force

Duplicates in terms of zenodoid

(4,571 observations deleted)

. merge 1:1 zenodoid using `zenodo22', nogenerate

    Result                      Number of obs
    -----------------------------------------
    Not matched                           136
        from master                       135  
        from using                          1  

    Matched                               132  
    -----------------------------------------

. save `zenodo23', replace
(file /var/folders/3b/07ltjm9n0rq1pwkn1_49vqn40000gn/T//St36478.000003 not
    found)
file /var/folders/3b/07ltjm9n0rq1pwkn1_49vqn40000gn/T//St36478.000003 saved
    as .dta format

. 
. import delimited using "`here'zenodo/zenodo_data.csv", clear
(encoding automatically selected: ISO-8859-1)
(8 vars, 5,597 obs)

. rename id zenodoid

. generate created_at = date(created,"YMD##")

. generate updated_at = date(update_time,"YMD##")

. 
. format created_at %tdCCYY-NN-DD

. format updated_at %tdCCYY-NN-DD

. 
. keep zenodoid unique_views unique_downloads created_at updated_at

. rename unique_* *

. 
. sort zenodoid updated_at

. by zenodoid (updated_at): generate update = _n

. xtset zenodoid update

Panel variable: zenodoid (unbalanced)
 Time variable: update, 1 to 20
         Delta: 1 unit

. generate spell_length = updated_at - L.updated_at
(339 missing values generated)

. generate new_downloads = downloads - L.downloads
(339 missing values generated)

. generate new_views = views - L.views
(339 missing values generated)

. generate days_since_upload = updated_at - created_at

. generate months_since_upload = int(days_since_upload/30)

. 
. drop if spell_length < 20 | missing(spell_length)
(2,538 observations deleted)

. generate downloads_per_month = new_downloads / (spell_length/30)

. 
. keep if days_since_upload > 180
(226 observations deleted)

. summarize downloads_per_month, detail

                     downloads_per_month
-------------------------------------------------------------
      Percentiles      Smallest
 1%            0              0
 5%            0              0
10%            0              0       Obs               2,833
25%     .9677419              0       Sum of wgt.       2,833

50%            2                      Mean           4.043645
                        Largest       Std. dev.      9.399673
75%      4.83871            110
90%     8.709678       113.2258       Variance       88.35385
95%           13        116.129       Skewness       17.71271
99%     29.03226       325.1613       Kurtosis       515.7555

. 
. collapse (mean) downloads_per_month, by(zenodoid)

. 
. save "`here'temp/zenodo.dta", replace
file
    /Users/koren/Tresorit/Mac/places/restud/data-editor/report/temp/zenodo.dt
    > a saved

. 
. 
end of do-file
