
  ___  ____  ____  ____  ____ ®
 /__    /   ____/   /   ____/      17.0
___/   /   /___/   /   /___/       MP—Parallel Edition

 Statistics and Data Science       Copyright 1985-2021 StataCorp LLC
                                   StataCorp
                                   4905 Lakeway Drive
                                   College Station, Texas 77845 USA
                                   800-STATA-PC        https://www.stata.com
                                   979-696-4600        stata@stata.com

Stata license: Single-user 2-core , expiring 20 Mar 2024
Serial number: 501709374514
  Licensed to: Gergely Attila Kiss
               CEU MicroData

Notes:
      1. Stata is running in batch mode.
      2. Unicode is supported; see help unicode_advice.
      3. More than 2 billion observations are allowed; see help obs_advice.
      4. Maximum number of variables is set to 5,000; see help set_maxvar.

. do "report_labs.do" 

. import delimited "output/report_labs.csv", varn(nonames) clear
(encoding automatically selected: ISO-8859-1)
(7 vars, 328 obs)

. rename (v1-v7) (MS lab1 lab2 lab3 lab4 lab5 lab6)

. replace lab1 = "DAS" if lab1 == "DAS,"
(2 real changes made)

. save "output/report_labs.dta", replace
file output/report_labs.dta saved

. 
end of do-file
